[?1h=[?25l[H[2J(B[mtop - 12:11:59 up 21:09,  1 user,  load average: 0,07, 0,05, 0,05(B[m[39;49m(B[m[39;49m[K
Tasks:(B[m[39;49m[1m 301 (B[m[39;49mtotal,(B[m[39;49m[1m   1 (B[m[39;49mrunning,(B[m[39;49m[1m 300 (B[m[39;49msleeping,(B[m[39;49m[1m   0 (B[m[39;49mstopped,(B[m[39;49m[1m   0 (B[m[39;49mzombie(B[m[39;49m(B[m[39;49m[K
%Cpu(s):(B[m[39;49m[1m  4,7 (B[m[39;49mus,(B[m[39;49m[1m  1,6 (B[m[39;49msy,(B[m[39;49m[1m  0,0 (B[m[39;49mni,(B[m[39;49m[1m 93,8 (B[m[39;49mid,(B[m[39;49m[1m  0,0 (B[m[39;49mwa,(B[m[39;49m[1m  0,0 (B[m[39;49mhi,(B[m[39;49m[1m  0,0 (B[m[39;49msi,(B[m[39;49m[1m  0,0 (B[m[39;49mst(B[m[39;49m(B[m[39;49m[K
MiB Mem :(B[m[39;49m[1m  15399,3 (B[m[39;49mtotal,(B[m[39;49m[1m   4871,6 (B[m[39;49mfree,(B[m[39;49m[1m   2453,0 (B[m[39;49mused,(B[m[39;49m[1m   8074,7 (B[m[39;49mbuff/cache(B[m[39;49m(B[m[39;49m[K
MiB Swap:(B[m[39;49m[1m   2048,0 (B[m[39;49mtotal,(B[m[39;49m[1m   2048,0 (B[m[39;49mfree,(B[m[39;49m[1m      0,0 (B[m[39;49mused.(B[m[39;49m[1m  11895,1 (B[m[39;49mavail Mem (B[m[39;49m(B[m[39;49m[K
[K
[7m    PID USER      PR  NI    VIRT    RES    SHR S  %CPU  %MEM     TIME+ COMMAND  (B[m[39;49m[K
(B[m  93206 user      20   0 1135,3g 343300 155096 S  33,3   2,2   1:36.09 gitkrak+ (B[m[39;49m[K
(B[m    606 root      20   0    2812   1140   1048 S   6,7   0,0   0:02.28 acpid    (B[m[39;49m[K
(B[m   3648 user      20   0  566508  56280  40984 S   6,7   0,4   1:04.04 gnome-t+ (B[m[39;49m[K
(B[m  93096 user      20   0   32,6g 142028  96948 S   6,7   0,9   0:12.83 gitkrak+ (B[m[39;49m[K
(B[m      1 root      20   0  168128  13716   8492 S   0,0   0,1   0:04.24 systemd  (B[m[39;49m[K
(B[m      2 root      20   0       0      0      0 S   0,0   0,0   0:00.02 kthreadd (B[m[39;49m[K
(B[m      3 root       0 -20       0      0      0 I   0,0   0,0   0:00.00 rcu_gp   (B[m[39;49m[K
(B[m      4 root       0 -20       0      0      0 I   0,0   0,0   0:00.00 rcu_par+ (B[m[39;49m[K
(B[m      5 root       0 -20       0      0      0 I   0,0   0,0   0:00.00 slub_fl+ (B[m[39;49m[K
(B[m      6 root       0 -20       0      0      0 I   0,0   0,0   0:00.00 netns    (B[m[39;49m[K
(B[m      8 root       0 -20       0      0      0 I   0,0   0,0   0:00.00 kworker+ (B[m[39;49m[K
(B[m     10 root       0 -20       0      0      0 I   0,0   0,0   0:00.00 mm_perc+ (B[m[39;49m[K
(B[m     11 root      20   0       0      0      0 I   0,0   0,0   0:00.00 rcu_tas+ (B[m[39;49m[K
(B[m     12 root      20   0       0      0      0 I   0,0   0,0   0:00.00 rcu_tas+ (B[m[39;49m[K
(B[m     13 root      20   0       0      0      0 I   0,0   0,0   0:00.00 rcu_tas+ (B[m[39;49m[K
(B[m     14 root      20   0       0      0      0 S   0,0   0,0   0:00.18 ksoftir+ (B[m[39;49m[K
(B[m     15 root      20   0       0      0      0 I   0,0   0,0   0:06.75 rcu_pre+ (B[m[39;49m[K[H(B[mtop - 12:12:02 up 21:09,  1 user,  load average: 0,06, 0,05, 0,05(B[m[39;49m(B[m[39;49m[K

%Cpu(s):(B[m[39;49m[1m  0,5 (B[m[39;49mus,(B[m[39;49m[1m  0,3 (B[m[39;49msy,(B[m[39;49m[1m  0,0 (B[m[39;49mni,(B[m[39;49m[1m 99,2 (B[m[39;49mid,(B[m[39;49m[1m  0,0 (B[m[39;49mwa,(B[m[39;49m[1m  0,0 (B[m[39;49mhi,(B[m[39;49m[1m  0,0 (B[m[39;49msi,(B[m[39;49m[1m  0,0 (B[m[39;49mst(B[m[39;49m(B[m[39;49m[K
MiB Mem :(B[m[39;49m[1m  15399,3 (B[m[39;49mtotal,(B[m[39;49m[1m   4888,1 (B[m[39;49mfree,(B[m[39;49m[1m   2451,1 (B[m[39;49mused,(B[m[39;49m[1m   8060,0 (B[m[39;49mbuff/cache(B[m[39;49m(B[m[39;49m[K
MiB Swap:(B[m[39;49m[1m   2048,0 (B[m[39;49mtotal,(B[m[39;49m[1m   2048,0 (B[m[39;49mfree,(B[m[39;49m[1m      0,0 (B[m[39;49mused.(B[m[39;49m[1m  11911,6 (B[m[39;49mavail Mem (B[m[39;49m(B[m[39;49m[K
[K

(B[m  93206 user      20   0 1135,3g 343340 155096 S   1,3   2,2   1:36.13 gitkrak+ (B[m[39;49m[K
(B[m   3983 user      20   0   11,7g 394072 202884 S   1,0   2,5   2:44.42 firefox  (B[m[39;49m[K
(B[m   4711 user      20   0 2991008 294600 131400 S   0,7   1,9   2:41.21 Isolate+ (B[m[39;49m[K
(B[m 102798 user      20   0 2420428  61072  49268 S   0,7   0,4   0:00.06 Web Con+ (B[m[39;49m[K
(B[m    638 root      20   0  284844   9640   8756 S   0,3   0,1   0:28.34 thermald (B[m[39;49m[K
(B[m   1759 user      20   0 5924328 309064 134180 S   0,3   2,0   4:03.47 gnome-s+ (B[m[39;49m[K
(B[m   3648 user      20   0  566508  56280  40984 S   0,3   0,4   1:04.05 gnome-t+ (B[m[39;49m[K
(B[m   4612 user      20   0 2979940 339308 112676 S   0,3   2,2   0:28.13 Isolate+ (B[m[39;49m[K
(B[m  93066 user      20   0 1122,5g 218468 138776 S   0,3   1,4   0:36.33 gitkrak+ (B[m[39;49m[K
(B[m 101043 user      20   0 3073884  66344  49424 S   0,3   0,4   0:01.36 gjs      (B[m[39;49m[K
(B[m 102555 user      20   0 2426872  73036  58760 S   0,3   0,5   0:00.10 Isolate+ (B[m[39;49m[K
(B[m[1m 102877 user      20   0   21872   4520   3648 R   0,3   0,0   0:00.01 top      (B[m[39;49m[K
(B[m      1 root      20   0  168128  13716   8492 S   0,0   0,1   0:04.24 systemd  (B[m[39;49m[K
(B[m      2 root      20   0       0      0      0 S   0,0   0,0   0:00.02 kthreadd (B[m[39;49m[K
(B[m      3 root       0 -20       0      0      0 I   0,0   0,0   0:00.00 rcu_gp   (B[m[39;49m[K
(B[m      4 root       0 -20       0      0      0 I   0,0   0,0   0:00.00 rcu_par+ (B[m[39;49m[K
(B[m      5 root       0 -20       0      0      0 I   0,0   0,0   0:00.00 slub_fl+ (B[m[39;49m[K[H(B[mtop - 12:12:05 up 21:09,  1 user,  load average: 0,06, 0,05, 0,05(B[m[39;49m(B[m[39;49m[K
Tasks:(B[m[39;49m[1m 301 (B[m[39;49mtotal,(B[m[39;49m[1m   2 (B[m[39;49mrunning,(B[m[39;49m[1m 299 (B[m[39;49msleeping,(B[m[39;49m[1m   0 (B[m[39;49mstopped,(B[m[39;49m[1m   0 (B[m[39;49mzombie(B[m[39;49m(B[m[39;49m[K
%Cpu(s):(B[m[39;49m[1m  2,3 (B[m[39;49mus,(B[m[39;49m[1m  0,5 (B[m[39;49msy,(B[m[39;49m[1m  0,0 (B[m[39;49mni,(B[m[39;49m[1m 97,1 (B[m[39;49mid,(B[m[39;49m[1m  0,1 (B[m[39;49mwa,(B[m[39;49m[1m  0,0 (B[m[39;49mhi,(B[m[39;49m[1m  0,0 (B[m[39;49msi,(B[m[39;49m[1m  0,0 (B[m[39;49mst(B[m[39;49m(B[m[39;49m[K
MiB Mem :(B[m[39;49m[1m  15399,3 (B[m[39;49mtotal,(B[m[39;49m[1m   4897,9 (B[m[39;49mfree,(B[m[39;49m[1m   2451,3 (B[m[39;49mused,(B[m[39;49m[1m   8050,1 (B[m[39;49mbuff/cache(B[m[39;49m(B[m[39;49m[K
MiB Swap:(B[m[39;49m[1m   2048,0 (B[m[39;49mtotal,(B[m[39;49m[1m   2048,0 (B[m[39;49mfree,(B[m[39;49m[1m      0,0 (B[m[39;49mused.(B[m[39;49m[1m  11921,5 (B[m[39;49mavail Mem (B[m[39;49m(B[m[39;49m[K
[K

(B[m  93206 user      20   0 1135,3g 348392 155096 S  11,0   2,2   1:36.46 gitkrak+ (B[m[39;49m[K
(B[m  93066 user      20   0 1122,5g 219508 138776 S   1,7   1,4   0:36.38 gitkrak+ (B[m[39;49m[K
(B[m    483 root     -51   0       0      0      0 S   0,3   0,0   0:02.06 irq/159+ (B[m[39;49m[K
(B[m    638 root      20   0  284844   9640   8756 S   0,3   0,1   0:28.35 thermald (B[m[39;49m[K
(B[m   1759 user      20   0 5924328 309064 134180 S   0,3   2,0   4:03.48 gnome-s+ (B[m[39;49m[K
(B[m   3983 user      20   0   11,7g 394088 202884 S   0,3   2,5   2:44.43 firefox  (B[m[39;49m[K
(B[m  93140 user      20   0   32,3g  74264  63136 S   0,3   0,5   0:02.43 gitkrak+ (B[m[39;49m[K
(B[m  93554 user      20   0    3840    916    796 S   0,3   0,0   0:00.40 node-sp+ (B[m[39;49m[K
(B[m[1m 102877 user      20   0   21872   4520   3648 R   0,3   0,0   0:00.02 top      (B[m[39;49m[K
(B[m      1 root      20   0  168128  13716   8492 S   0,0   0,1   0:04.24 systemd  (B[m[39;49m[K
(B[m      2 root      20   0       0      0      0 S   0,0   0,0   0:00.02 kthreadd (B[m[39;49m[K
(B[m      3 root       0 -20       0      0      0 I   0,0   0,0   0:00.00 rcu_gp   (B[m[39;49m[K
(B[m      4 root       0 -20       0      0      0 I   0,0   0,0   0:00.00 rcu_par+ (B[m[39;49m[K
(B[m      5 root       0 -20       0      0      0 I   0,0   0,0   0:00.00 slub_fl+ (B[m[39;49m[K
(B[m      6 root       0 -20       0      0      0 I   0,0   0,0   0:00.00 netns    (B[m[39;49m[K
(B[m      8 root       0 -20       0      0      0 I   0,0   0,0   0:00.00 kworker+ (B[m[39;49m[K
(B[m     10 root       0 -20       0      0      0 I   0,0   0,0   0:00.00 mm_perc+ (B[m[39;49m[K[?25l[H(B[mtop - 12:12:05 up 21:09,  1 user,  load average: 0,06, 0,05, 0,05(B[m[39;49m(B[m[39;49m[K
Tasks:(B[m[39;49m[1m 301 (B[m[39;49mtotal,(B[m[39;49m[1m   1 (B[m[39;49mrunning,(B[m[39;49m[1m 300 (B[m[39;49msleeping,(B[m[39;49m[1m   0 (B[m[39;49mstopped,(B[m[39;49m[1m   0 (B[m[39;49mzombie(B[m[39;49m(B[m[39;49m[K
%Cpu(s):(B[m[39;49m[1m  3,5 (B[m[39;49mus,(B[m[39;49m[1m  0,6 (B[m[39;49msy,(B[m[39;49m[1m  0,0 (B[m[39;49mni,(B[m[39;49m[1m 95,9 (B[m[39;49mid,(B[m[39;49m[1m  0,0 (B[m[39;49mwa,(B[m[39;49m[1m  0,0 (B[m[39;49mhi,(B[m[39;49m[1m  0,0 (B[m[39;49msi,(B[m[39;49m[1m  0,0 (B[m[39;49mst(B[m[39;49m(B[m[39;49m[K
MiB Mem :(B[m[39;49m[1m  15399,3 (B[m[39;49mtotal,(B[m[39;49m[1m   4897,4 (B[m[39;49mfree,(B[m[39;49m[1m   2451,8 (B[m[39;49mused,(B[m[39;49m[1m   8050,1 (B[m[39;49mbuff/cache(B[m[39;49m(B[m[39;49m[K
MiB Swap:(B[m[39;49m[1m   2048,0 (B[m[39;49mtotal,(B[m[39;49m[1m   2048,0 (B[m[39;49mfree,(B[m[39;49m[1m      0,0 (B[m[39;49mused.(B[m[39;49m[1m  11921,0 (B[m[39;49mavail Mem (B[m[39;49m(B[m[39;49m[K
[K
[7m    PID USER      PR  NI    VIRT    RES    SHR S  %CPU  %MEM     TIME+ COMMAND  (B[m[39;49m[K
(B[m  93206 user      20   0 1135,3g 348884 155096 S  19,0   2,2   1:36.50 gitkrak+ (B[m[39;49m[K
(B[m   1759 user      20   0 5924328 309060 134180 S   9,5   2,0   4:03.50 gnome-s+ (B[m[39;49m[K
(B[m   4711 user      20   0 2991008 294892 131400 S   4,8   1,9   2:41.22 Isolate+ (B[m[39;49m[K
(B[m  93066 user      20   0 1122,5g 219316 138776 S   4,8   1,4   0:36.39 gitkrak+ (B[m[39;49m[K
(B[m[1m 102877 user      20   0   21872   4520   3648 R   4,8   0,0   0:00.03 top      (B[m[39;49m[K
(B[m      1 root      20   0  168128  13716   8492 S   0,0   0,1   0:04.24 systemd  (B[m[39;49m[K
(B[m      2 root      20   0       0      0      0 S   0,0   0,0   0:00.02 kthreadd (B[m[39;49m[K
(B[m      3 root       0 -20       0      0      0 I   0,0   0,0   0:00.00 rcu_gp   (B[m[39;49m[K
(B[m      4 root       0 -20       0      0      0 I   0,0   0,0   0:00.00 rcu_par+ (B[m[39;49m[K
(B[m      5 root       0 -20       0      0      0 I   0,0   0,0   0:00.00 slub_fl+ (B[m[39;49m[K
(B[m      6 root       0 -20       0      0      0 I   0,0   0,0   0:00.00 netns    (B[m[39;49m[K
(B[m      8 root       0 -20       0      0      0 I   0,0   0,0   0:00.00 kworker+ (B[m[39;49m[K
(B[m     10 root       0 -20       0      0      0 I   0,0   0,0   0:00.00 mm_perc+ (B[m[39;49m[K
(B[m     11 root      20   0       0      0      0 I   0,0   0,0   0:00.00 rcu_tas+ (B[m[39;49m[K
(B[m     12 root      20   0       0      0      0 I   0,0   0,0   0:00.00 rcu_tas+ (B[m[39;49m[K
(B[m     13 root      20   0       0      0      0 I   0,0   0,0   0:00.00 rcu_tas+ (B[m[39;49m[K
(B[m     14 root      20   0       0      0      0 S   0,0   0,0   0:00.18 ksoftir+ (B[m[39;49m[K[?25l[H(B[mtop - 12:12:06 up 21:09,  1 user,  load average: 0,06, 0,05, 0,05(B[m[39;49m(B[m[39;49m[K
Tasks:(B[m[39;49m[1m 301 (B[m[39;49mtotal,(B[m[39;49m[1m   3 (B[m[39;49mrunning,(B[m[39;49m[1m 298 (B[m[39;49msleeping,(B[m[39;49m[1m   0 (B[m[39;49mstopped,(B[m[39;49m[1m   0 (B[m[39;49mzombie(B[m[39;49m(B[m[39;49m[K
%Cpu(s):(B[m[39;49m[1m  0,1 (B[m[39;49mus,(B[m[39;49m[1m  0,1 (B[m[39;49msy,(B[m[39;49m[1m  0,0 (B[m[39;49mni,(B[m[39;49m[1m 99,7 (B[m[39;49mid,(B[m[39;49m[1m  0,0 (B[m[39;49mwa,(B[m[39;49m[1m  0,0 (B[m[39;49mhi,(B[m[39;49m[1m  0,0 (B[m[39;49msi,(B[m[39;49m[1m  0,0 (B[m[39;49mst(B[m[39;49m(B[m[39;49m[K
MiB Mem :(B[m[39;49m[1m  15399,3 (B[m[39;49mtotal,(B[m[39;49m[1m   4897,2 (B[m[39;49mfree,(B[m[39;49m[1m   2452,0 (B[m[39;49mused,(B[m[39;49m[1m   8050,1 (B[m[39;49mbuff/cache(B[m[39;49m(B[m[39;49m[K
MiB Swap:(B[m[39;49m[1m   2048,0 (B[m[39;49mtotal,(B[m[39;49m[1m   2048,0 (B[m[39;49mfree,(B[m[39;49m[1m      0,0 (B[m[39;49mused.(B[m[39;49m[1m  11920,7 (B[m[39;49mavail Mem (B[m[39;49m(B[m[39;49m[K
[K
[7m    PID USER      PR  NI    VIRT    RES    SHR S  %CPU  %MEM     TIME+ COMMAND  (B[m[39;49m[K
(B[m   1915 user      20   0  397224  12068   7284 S   1,1   0,1   0:46.84 ibus-da+ (B[m[39;49m[K
(B[m[1m 102877 user      20   0   21872   4520   3648 R   1,1   0,0   0:00.04 top      (B[m[39;49m[K
(B[m      1 root      20   0  168128  13716   8492 S   0,0   0,1   0:04.24 systemd  (B[m[39;49m[K
(B[m      2 root      20   0       0      0      0 S   0,0   0,0   0:00.02 kthreadd (B[m[39;49m[K
(B[m      3 root       0 -20       0      0      0 I   0,0   0,0   0:00.00 rcu_gp   (B[m[39;49m[K
(B[m      4 root       0 -20       0      0      0 I   0,0   0,0   0:00.00 rcu_par+ (B[m[39;49m[K
(B[m      5 root       0 -20       0      0      0 I   0,0   0,0   0:00.00 slub_fl+ (B[m[39;49m[K
(B[m      6 root       0 -20       0      0      0 I   0,0   0,0   0:00.00 netns    (B[m[39;49m[K
(B[m      8 root       0 -20       0      0      0 I   0,0   0,0   0:00.00 kworker+ (B[m[39;49m[K
(B[m     10 root       0 -20       0      0      0 I   0,0   0,0   0:00.00 mm_perc+ (B[m[39;49m[K
(B[m     11 root      20   0       0      0      0 I   0,0   0,0   0:00.00 rcu_tas+ (B[m[39;49m[K
(B[m     12 root      20   0       0      0      0 I   0,0   0,0   0:00.00 rcu_tas+ (B[m[39;49m[K
(B[m     13 root      20   0       0      0      0 I   0,0   0,0   0:00.00 rcu_tas+ (B[m[39;49m[K
(B[m     14 root      20   0       0      0      0 S   0,0   0,0   0:00.18 ksoftir+ (B[m[39;49m[K
(B[m     15 root      20   0       0      0      0 I   0,0   0,0   0:06.75 rcu_pre+ (B[m[39;49m[K
(B[m     16 root      rt   0       0      0      0 S   0,0   0,0   0:00.06 migrati+ (B[m[39;49m[K
(B[m     17 root     -51   0       0      0      0 S   0,0   0,0   0:00.00 idle_in+ (B[m[39;49m[K[?25l[H(B[mtop - 12:12:06 up 21:09,  1 user,  load average: 0,06, 0,05, 0,05(B[m[39;49m(B[m[39;49m[K
Tasks:(B[m[39;49m[1m 301 (B[m[39;49mtotal,(B[m[39;49m[1m   1 (B[m[39;49mrunning,(B[m[39;49m[1m 300 (B[m[39;49msleeping,(B[m[39;49m[1m   0 (B[m[39;49mstopped,(B[m[39;49m[1m   0 (B[m[39;49mzombie(B[m[39;49m(B[m[39;49m[K
%Cpu(s):(B[m[39;49m[1m  0,6 (B[m[39;49mus,(B[m[39;49m[1m  0,6 (B[m[39;49msy,(B[m[39;49m[1m  0,0 (B[m[39;49mni,(B[m[39;49m[1m 98,8 (B[m[39;49mid,(B[m[39;49m[1m  0,0 (B[m[39;49mwa,(B[m[39;49m[1m  0,0 (B[m[39;49mhi,(B[m[39;49m[1m  0,0 (B[m[39;49msi,(B[m[39;49m[1m  0,0 (B[m[39;49mst(B[m[39;49m(B[m[39;49m[K
MiB Mem :(B[m[39;49m[1m  15399,3 (B[m[39;49mtotal,(B[m[39;49m[1m   4897,2 (B[m[39;49mfree,(B[m[39;49m[1m   2452,0 (B[m[39;49mused,(B[m[39;49m[1m   8050,1 (B[m[39;49mbuff/cache(B[m[39;49m(B[m[39;49m[K
MiB Swap:(B[m[39;49m[1m   2048,0 (B[m[39;49mtotal,(B[m[39;49m[1m   2048,0 (B[m[39;49mfree,(B[m[39;49m[1m      0,0 (B[m[39;49mused.(B[m[39;49m[1m  11920,7 (B[m[39;49mavail Mem (B[m[39;49m(B[m[39;49m[K
[K
[7m    PID USER      PR  NI    VIRT    RES    SHR S  %CPU  %MEM     TIME+ COMMAND  (B[m[39;49m[K
(B[m   1759 user      20   0 5924328 309060 134180 S   4,8   2,0   4:03.51 gnome-s+ (B[m[39;49m[K
(B[m      1 root      20   0  168128  13716   8492 S   0,0   0,1   0:04.24 systemd  (B[m[39;49m[K
(B[m      2 root      20   0       0      0      0 S   0,0   0,0   0:00.02 kthreadd (B[m[39;49m[K
(B[m      3 root       0 -20       0      0      0 I   0,0   0,0   0:00.00 rcu_gp   (B[m[39;49m[K
(B[m      4 root       0 -20       0      0      0 I   0,0   0,0   0:00.00 rcu_par+ (B[m[39;49m[K
(B[m      5 root       0 -20       0      0      0 I   0,0   0,0   0:00.00 slub_fl+ (B[m[39;49m[K
(B[m      6 root       0 -20       0      0      0 I   0,0   0,0   0:00.00 netns    (B[m[39;49m[K
(B[m      8 root       0 -20       0      0      0 I   0,0   0,0   0:00.00 kworker+ (B[m[39;49m[K
(B[m     10 root       0 -20       0      0      0 I   0,0   0,0   0:00.00 mm_perc+ (B[m[39;49m[K
(B[m     11 root      20   0       0      0      0 I   0,0   0,0   0:00.00 rcu_tas+ (B[m[39;49m[K
(B[m     12 root      20   0       0      0      0 I   0,0   0,0   0:00.00 rcu_tas+ (B[m[39;49m[K
(B[m     13 root      20   0       0      0      0 I   0,0   0,0   0:00.00 rcu_tas+ (B[m[39;49m[K
(B[m     14 root      20   0       0      0      0 S   0,0   0,0   0:00.18 ksoftir+ (B[m[39;49m[K
(B[m     15 root      20   0       0      0      0 I   0,0   0,0   0:06.75 rcu_pre+ (B[m[39;49m[K
(B[m     16 root      rt   0       0      0      0 S   0,0   0,0   0:00.06 migrati+ (B[m[39;49m[K
(B[m     17 root     -51   0       0      0      0 S   0,0   0,0   0:00.00 idle_in+ (B[m[39;49m[K
(B[m     19 root      20   0       0      0      0 S   0,0   0,0   0:00.00 cpuhp/0  (B[m[39;49m[K[?1l>[25;1H
[?12l[?25h[K